<?xml version="1.0" encoding="UTF-8"?>
<!-- Generated by org.testng.reporters.JUnitReportReporter -->
<testsuite hostname="new-host.home" name="com.amazon.verifyproduct.VerifyProduct_TestCase_001" tests="1" failures="0" timestamp="19 Nov 2015 02:24:06 GMT" time="170.366" errors="0">
  <testcase name="testMethod" time="170.366" classname="com.amazon.verifyproduct.VerifyProduct_TestCase_001"/>
</testsuite> <!-- com.amazon.verifyproduct.VerifyProduct_TestCase_001 -->
