<?xml version="1.0" encoding="UTF-8"?>
<!-- Generated by org.testng.reporters.JUnitReportReporter -->
<testsuite hostname="new-host.home" name="com.amazon.verifyproduct.VerifyProduct_TestCase_002" tests="1" failures="0" timestamp="19 Nov 2015 02:26:35 GMT" time="53.449" errors="0">
  <testcase name="testMethod" time="53.449" classname="com.amazon.verifyproduct.VerifyProduct_TestCase_002"/>
</testsuite> <!-- com.amazon.verifyproduct.VerifyProduct_TestCase_002 -->
